47     0.00000     0.00000     0.00000
170     0.00000     0.00154     0.00000
269     0.00008     0.07865     0.00012
370     0.00102     0.75484     0.00102
474     0.00373     2.44477     0.00346
575     0.00813     5.03270     0.00743
677     0.01292     7.33652     0.01076
779     0.01652     9.29180     0.01341
881     0.01922     9.98610     0.01475
982     0.01959     10.13121     0.01472
1085     0.02028     10.20961     0.01488
1185     0.02090     10.23117     0.01477
1288     0.02047     9.70809     0.01416
1389     0.02052     9.64582     0.01428
1490     0.02086     9.20943     0.01348
1594     0.02070     9.17548     0.01325
1695     0.02052     8.85137     0.01295
1797     0.02037     8.71060     0.01266
1899     0.02074     8.41492     0.01230
2001     0.02071     8.16029     0.01203
