44     0.00000     0.00000     0.00000
161     0.00000     0.00027     0.00000
262     0.00001     0.00486     0.00000
363     0.00062     0.31078     0.00040
466     0.00424     2.36271     0.00244
577     0.01132     6.67264     0.00717
677     0.01938     9.68013     0.01022
779     0.02607     12.94720     0.01389
879     0.02979     14.38331     0.01515
981     0.03096     14.42257     0.01565
1083     0.03039     14.81289     0.01552
1183     0.03020     14.72949     0.01566
1284     0.03117     15.02658     0.01598
1385     0.03099     14.89501     0.01618
1487     0.03057     14.87778     0.01581
1586     0.02976     14.36908     0.01529
1687     0.02898     13.82759     0.01472
1787     0.02724     13.15999     0.01383
1888     0.02685     12.68951     0.01381
1988     0.02586     12.25397     0.01290
2089     0.02481     11.98027     0.01282
2190     0.02436     11.34269     0.01208
2291     0.02379     11.27739     0.01208
2392     0.02318     10.86466     0.01153
2493     0.02288     10.58846     0.01126
2593     0.02228     10.31644     0.01109
2695     0.02215     10.13502     0.01083
2795     0.02186     9.97227     0.01057
2896     0.02180     9.54796     0.01016
2997     0.02087     9.46972     0.00988
3098     0.02145     9.29879     0.01013
3198     0.02100     9.03439     0.00959
3298     0.02055     8.90472     0.00942
3401     0.02089     8.75066     0.00959
