32     0.00000     0.00000     0.00000
157     0.00004     0.01110     0.00002
260     0.00002     0.00819     0.00000
363     0.00004     0.03573     0.00007
465     0.00046     0.30178     0.00047
563     0.00180     0.74141     0.00133
663     0.00398     1.64134     0.00280
765     0.00772     3.09925     0.00532
867     0.01240     5.01069     0.00858
967     0.01717     6.45739     0.01095
1069     0.01962     7.59350     0.01278
1171     0.02206     8.47855     0.01394
1272     0.02188     8.26384     0.01361
1373     0.02207     8.30085     0.01344
1475     0.02185     8.45774     0.01349
1577     0.02175     8.16951     0.01299
1689     0.02195     9.27225     0.01438
1791     0.02223     8.47150     0.01305
1892     0.02171     8.31247     0.01268
1992     0.02193     8.40397     0.01259
2094     0.02225     8.32089     0.01234
2195     0.02187     8.45016     0.01237
2297     0.02200     8.30449     0.01204
2399     0.02171     8.40763     0.01198
2500     0.02192     8.38524     0.01184
