50     0.00000     0.00000     0.00000
171     0.00002     0.00819     0.00000
271     0.00002     0.00498     0.00000
371     0.00011     0.07611     0.00006
472     0.00043     0.26110     0.00021
573     0.00114     0.60848     0.00072
674     0.00233     1.30544     0.00170
775     0.00381     2.09195     0.00258
876     0.00609     3.11600     0.00382
978     0.00833     4.46289     0.00546
1079     0.01149     5.95983     0.00726
1181     0.01475     7.60565     0.00932
1281     0.01729     8.71634     0.01061
1382     0.01930     9.49638     0.01155
1493     0.02026     10.73455     0.01305
1594     0.02012     9.73319     0.01161
1694     0.02015     9.80158     0.01182
1795     0.02021     9.80220     0.01137
1896     0.02021     9.71080     0.01165
1998     0.02025     9.99195     0.01184
2098     0.02010     9.84189     0.01140
2200     0.02030     9.81190     0.01150
2300     0.02026     9.78503     0.01135
